<?xml version="1.0" encoding="UTF-8"?>
<!-- Generated by org.testng.reporters.JUnitReportReporter -->
<testsuite hostname="CGLHRMP25AMZL" failures="0" tests="1" name="tests.CreateLoan" time="54.305" errors="0" timestamp="2024-09-11T09:55:11 IST" skipped="0">
  <testcase classname="tests.CreateLoan" name="createScheme" time="54.305"/>
  <system-out/>
</testsuite> <!-- tests.CreateLoan -->
