<?xml version="1.0" encoding="UTF-8"?>
<!-- Generated by org.testng.reporters.JUnitReportReporter -->
<testsuite hostname="CGLHRMP25AMZL" failures="0" tests="1" name="tests.CreateLoan" time="59.817" errors="0" timestamp="2024-09-15T13:07:48 IST" skipped="0">
  <testcase classname="tests.CreateLoan" name="createLoan" time="59.817"/>
  <system-out/>
</testsuite> <!-- tests.CreateLoan -->
