<?xml version="1.0" encoding="UTF-8"?>
<!-- Generated by org.testng.reporters.JUnitReportReporter -->
<testsuite hostname="CGLHRMP25AMZL" failures="0" tests="10" name="tests.SampleFlow2" time="0.019" errors="0" timestamp="2024-08-05T17:34:46 IST" skipped="0">
  <testcase classname="tests.SampleFlow2" name="search" time="0.001"/>
  <system-out/>
  <testcase classname="tests.SampleFlow2" name="search" time="0.000"/>
  <system-out/>
  <testcase classname="tests.SampleFlow2" name="search" time="0.001"/>
  <system-out/>
  <testcase classname="tests.SampleFlow2" name="search" time="0.001"/>
  <system-out/>
  <testcase classname="tests.SampleFlow2" name="search" time="0.003"/>
  <system-out/>
  <testcase classname="tests.SampleFlow2" name="search" time="0.000"/>
  <system-out/>
  <testcase classname="tests.SampleFlow2" name="search" time="0.010"/>
  <system-out/>
  <testcase classname="tests.SampleFlow2" name="search" time="0.001"/>
  <system-out/>
  <testcase classname="tests.SampleFlow2" name="search" time="0.001"/>
  <system-out/>
  <testcase classname="tests.SampleFlow2" name="search" time="0.001"/>
  <system-out/>
</testsuite> <!-- tests.SampleFlow2 -->
