<?xml version="1.0" encoding="UTF-8"?>
<!-- Generated by org.testng.reporters.JUnitReportReporter -->
<testsuite hostname="CGLHRMP25AMZL" failures="0" tests="2" name="tests.CreateLoan2" time="111.633" errors="0" timestamp="2024-09-11T15:02:52 IST" skipped="0">
  <testcase classname="tests.CreateLoan2" name="createScheme" time="55.794"/>
  <system-out/>
  <testcase classname="tests.CreateLoan2" name="createScheme" time="55.839"/>
  <system-out/>
</testsuite> <!-- tests.CreateLoan2 -->
