<?xml version="1.0" encoding="UTF-8"?>
<!-- Generated by org.testng.reporters.JUnitReportReporter -->
<testsuite hostname="CGLHRMP25AMZL" failures="0" tests="2" name="tests.CreateLoan" time="113.545" errors="0" timestamp="2024-09-11T16:54:27 IST" skipped="0">
  <testcase classname="tests.CreateLoan" name="createScheme" time="56.612"/>
  <system-out/>
  <testcase classname="tests.CreateLoan" name="createScheme" time="56.933"/>
  <system-out/>
</testsuite> <!-- tests.CreateLoan -->
