<?xml version="1.0" encoding="UTF-8"?>
<!-- Generated by org.testng.reporters.JUnitReportReporter -->
<testsuite hostname="CGLHRMP25AMZL" failures="0" tests="1" name="tests.CreateScheme" time="8.587" errors="0" timestamp="2024-09-05T20:42:22 IST" skipped="0">
  <testcase classname="tests.CreateScheme" name="createScheme" time="8.587"/>
  <system-out/>
</testsuite> <!-- tests.CreateScheme -->
