<?xml version="1.0" encoding="UTF-8"?>
<!-- Generated by org.testng.reporters.JUnitReportReporter -->
<testsuite hostname="CGLHRMP25AMZL" failures="0" tests="10" name="login.SampleFlow2" time="0.011" errors="0" timestamp="2024-08-05T15:22:33 IST" skipped="0">
  <testcase classname="login.SampleFlow2" name="search" time="0.001"/>
  <system-out/>
  <testcase classname="login.SampleFlow2" name="search" time="0.000"/>
  <system-out/>
  <testcase classname="login.SampleFlow2" name="search" time="0.001"/>
  <system-out/>
  <testcase classname="login.SampleFlow2" name="search" time="0.000"/>
  <system-out/>
  <testcase classname="login.SampleFlow2" name="search" time="0.000"/>
  <system-out/>
  <testcase classname="login.SampleFlow2" name="search" time="0.001"/>
  <system-out/>
  <testcase classname="login.SampleFlow2" name="search" time="0.006"/>
  <system-out/>
  <testcase classname="login.SampleFlow2" name="search" time="0.000"/>
  <system-out/>
  <testcase classname="login.SampleFlow2" name="search" time="0.001"/>
  <system-out/>
  <testcase classname="login.SampleFlow2" name="search" time="0.001"/>
  <system-out/>
</testsuite> <!-- login.SampleFlow2 -->
