<?xml version="1.0" encoding="UTF-8"?>
<!-- Generated by org.testng.reporters.JUnitReportReporter -->
<testsuite hostname="CGLHRMP25AMZL" failures="0" tests="1" name="tests.CreateNewCustomer" time="41.295" errors="0" timestamp="2024-09-02T09:29:58 IST" skipped="0">
  <testcase classname="tests.CreateNewCustomer" name="login" time="41.295"/>
  <system-out/>
</testsuite> <!-- tests.CreateNewCustomer -->
