<?xml version="1.0" encoding="UTF-8"?>
<!-- Generated by org.testng.reporters.JUnitReportReporter -->
<testsuite hostname="CGLHRMP25AMZL" failures="0" tests="1" name="tests.CreateScheme" time="7.582" errors="0" timestamp="2024-09-05T21:44:37 IST" skipped="0">
  <testcase classname="tests.CreateScheme" name="createScheme" time="7.582"/>
  <system-out/>
</testsuite> <!-- tests.CreateScheme -->
