<?xml version="1.0" encoding="UTF-8"?>
<!-- Generated by org.testng.reporters.JUnitReportReporter -->
<testsuite hostname="CGLHRMP25AMZL" failures="0" tests="2" name="tests.CreateScheme" time="16.869" errors="0" timestamp="2024-09-11T16:17:32 IST" skipped="0">
  <testcase classname="tests.CreateScheme" name="createScheme" time="8.196"/>
  <system-out/>
  <testcase classname="tests.CreateScheme" name="createScheme" time="8.673"/>
  <system-out/>
</testsuite> <!-- tests.CreateScheme -->
