<?xml version="1.0" encoding="UTF-8"?>
<!-- Generated by org.testng.reporters.JUnitReportReporter -->
<testsuite hostname="CGLHRMP25AMZL" failures="0" tests="1" name="tests.CreateCustomer" time="14.189" errors="0" timestamp="2024-08-30T15:01:03 IST" skipped="0">
  <testcase classname="tests.CreateCustomer" name="login" time="14.189"/>
  <system-out/>
</testsuite> <!-- tests.CreateCustomer -->
