<?xml version="1.0" encoding="UTF-8"?>
<!-- Generated by org.testng.reporters.JUnitReportReporter -->
<testsuite hostname="CGLHRMP25AMZL" failures="0" tests="2" name="tests.CreateScheme" time="14.187" errors="0" timestamp="2024-09-06T21:54:08 IST" skipped="0">
  <testcase classname="tests.CreateScheme" name="createScheme" time="7.754"/>
  <system-out/>
  <testcase classname="tests.CreateScheme" name="createScheme" time="6.433"/>
  <system-out/>
</testsuite> <!-- tests.CreateScheme -->
