<?xml version="1.0" encoding="UTF-8"?>
<!-- Generated by org.testng.reporters.JUnitReportReporter -->
<testsuite hostname="CGLHRMP25AMZL" failures="0" tests="2" name="tests.CreateScheme" time="16.705" errors="0" timestamp="2024-09-11T20:58:10 IST" skipped="0">
  <testcase classname="tests.CreateScheme" name="createScheme" time="8.364"/>
  <system-out/>
  <testcase classname="tests.CreateScheme" name="createScheme" time="8.341"/>
  <system-out/>
</testsuite> <!-- tests.CreateScheme -->
