<?xml version="1.0" encoding="UTF-8"?>
<!-- Generated by org.testng.reporters.JUnitReportReporter -->
<testsuite hostname="CGLHRMP25AMZL" failures="0" tests="1" name="tests.CreateLoan" time="72.517" errors="0" timestamp="2024-09-10T16:53:50 IST" skipped="0">
  <testcase classname="tests.CreateLoan" name="createScheme" time="72.517"/>
  <system-out/>
</testsuite> <!-- tests.CreateLoan -->
